# JRE version: OpenJDK Runtime Environment JBR-11.0.13.7-1751.19-jcef (11.0.13+7) (build 11.0.13+7-b1751.19)
# Java VM: OpenJDK 64-Bit Server VM JBR-11.0.13.7-1751.19-jcef (11.0.13+7-b1751.19, mixed mode, tiered, compressed oops, g1 gc, windows-amd64)
Heap:
 garbage-first heap   total 251904K, used 137599K [0x000000070a400000, 0x0000000800000000)
  region size 1024K, 16 young (16384K), 1 survivors (1024K)
 Metaspace       used 19426K, capacity 19971K, committed 20096K, reserved 1067008K
  class space    used 1894K, capacity 2140K, committed 2176K, reserved 1048576K
GC Heap History (6 events):
Event: 0.387 GC heap before
{Heap before GC invocations=0 (full 0):
 garbage-first heap   total 251904K, used 23552K [0x000000070a400000, 0x0000000800000000)
  region size 1024K, 24 young (24576K), 0 survivors (0K)
 Metaspace       used 6189K, capacity 6255K, committed 6528K, reserved 1056768K
  class space    used 503K, capacity 534K, committed 640K, reserved 1048576K
}
Event: 0.389 GC heap after
{Heap after GC invocations=1 (full 0):
 garbage-first heap   total 251904K, used 2795K [0x000000070a400000, 0x0000000800000000)
  region size 1024K, 3 young (3072K), 3 survivors (3072K)
 Metaspace       used 6189K, capacity 6255K, committed 6528K, reserved 1056768K
  class space    used 503K, capacity 534K, committed 640K, reserved 1048576K
}
Event: 1.212 GC heap before
{Heap before GC invocations=1 (full 0):
 garbage-first heap   total 251904K, used 103147K [0x000000070a400000, 0x0000000800000000)
  region size 1024K, 31 young (31744K), 3 survivors (3072K)
 Metaspace       used 13997K, capacity 14291K, committed 14592K, reserved 1062912K
  class space    used 1318K, capacity 1474K, committed 1536K, reserved 1048576K
}
Event: 1.220 GC heap after
{Heap after GC invocations=2 (full 0):
 garbage-first heap   total 251904K, used 42285K [0x000000070a400000, 0x0000000800000000)
  region size 1024K, 8 young (8192K), 8 survivors (8192K)
 Metaspace       used 13997K, capacity 14291K, committed 14592K, reserved 1062912K
  class space    used 1318K, capacity 1474K, committed 1536K, reserved 1048576K
}
Event: 1.268 GC heap before
{Heap before GC invocations=3 (full 0):
 garbage-first heap   total 251904K, used 108845K [0x000000070a400000, 0x0000000800000000)
  region size 1024K, 9 young (9216K), 8 survivors (8192K)
 Metaspace       used 14000K, capacity 14355K, committed 14592K, reserved 1062912K
  class space    used 1318K, capacity 1474K, committed 1536K, reserved 1048576K
}
Event: 1.274 GC heap after
{Heap after GC invocations=4 (full 0):
 garbage-first heap   total 251904K, used 75135K [0x000000070a400000, 0x0000000800000000)
  region size 1024K, 1 young (1024K), 1 survivors (1024K)
 Metaspace       used 14000K, capacity 14355K, committed 14592K, reserved 1062912K
  class space    used 1318K, capacity 1474K, committed 1536K, reserved 1048576K
}

