# JRE version: OpenJDK Runtime Environment JBR-11.0.13.7-1751.19-jcef (11.0.13+7) (build 11.0.13+7-b1751.19)
# Java VM: OpenJDK 64-Bit Server VM JBR-11.0.13.7-1751.19-jcef (11.0.13+7-b1751.19, mixed mode, tiered, compressed oops, g1 gc, windows-amd64)
Heap:
 garbage-first heap   total 251904K, used 138813K [0x000000070a400000, 0x0000000800000000)
  region size 1024K, 18 young (18432K), 2 survivors (2048K)
 Metaspace       used 19527K, capacity 20048K, committed 20096K, reserved 1067008K
  class space    used 1906K, capacity 2140K, committed 2176K, reserved 1048576K
GC Heap History (6 events):
Event: 0.663 GC heap before
{Heap before GC invocations=0 (full 0):
 garbage-first heap   total 251904K, used 23552K [0x000000070a400000, 0x0000000800000000)
  region size 1024K, 24 young (24576K), 0 survivors (0K)
 Metaspace       used 7211K, capacity 7309K, committed 7552K, reserved 1056768K
  class space    used 583K, capacity 604K, committed 640K, reserved 1048576K
}
Event: 0.667 GC heap after
{Heap after GC invocations=1 (full 0):
 garbage-first heap   total 251904K, used 5965K [0x000000070a400000, 0x0000000800000000)
  region size 1024K, 3 young (3072K), 3 survivors (3072K)
 Metaspace       used 7211K, capacity 7309K, committed 7552K, reserved 1056768K
  class space    used 583K, capacity 604K, committed 640K, reserved 1048576K
}
Event: 1.165 GC heap before
{Heap before GC invocations=1 (full 0):
 garbage-first heap   total 251904K, used 94029K [0x000000070a400000, 0x0000000800000000)
  region size 1024K, 19 young (19456K), 3 survivors (3072K)
 Metaspace       used 14044K, capacity 14367K, committed 14592K, reserved 1062912K
  class space    used 1325K, capacity 1474K, committed 1536K, reserved 1048576K
}
Event: 1.172 GC heap after
{Heap after GC invocations=2 (full 0):
 garbage-first heap   total 251904K, used 42324K [0x000000070a400000, 0x0000000800000000)
  region size 1024K, 5 young (5120K), 5 survivors (5120K)
 Metaspace       used 14044K, capacity 14367K, committed 14592K, reserved 1062912K
  class space    used 1325K, capacity 1474K, committed 1536K, reserved 1048576K
}
Event: 1.222 GC heap before
{Heap before GC invocations=3 (full 0):
 garbage-first heap   total 251904K, used 108884K [0x000000070a400000, 0x0000000800000000)
  region size 1024K, 6 young (6144K), 5 survivors (5120K)
 Metaspace       used 14046K, capacity 14367K, committed 14592K, reserved 1062912K
  class space    used 1325K, capacity 1474K, committed 1536K, reserved 1048576K
}
Event: 1.228 GC heap after
{Heap after GC invocations=4 (full 0):
 garbage-first heap   total 251904K, used 75325K [0x000000070a400000, 0x0000000800000000)
  region size 1024K, 2 young (2048K), 2 survivors (2048K)
 Metaspace       used 14046K, capacity 14367K, committed 14592K, reserved 1062912K
  class space    used 1325K, capacity 1474K, committed 1536K, reserved 1048576K
}

